coderoad v0.19.4
STATE: "Setup.Startup"
ROUTE: "Setup.Startup": On level unknown, step unknown
EDITOR_STARTUP
Using tutorial url from env: https://raw.githubusercontent.com/freeCodeCamp/learn-salon-appointment-scheduler/main/tutorial.json
Tutorial: Salon Appointment Scheduler (2.0.0)
START_TUTORIAL_FROM_URL
EDITOR_TUTORIAL_CONFIG
Calling command: node --version
STATE: "Setup.SetupNewTutorial"
ROUTE: "Setup.SetupNewTutorial": On level unknown, step unknown
Workspace path: /workspace/project/.git
Check file exists: /workspace/project/.git
Calling command: git ls-remote --exit-code --heads https://github.com/freeCodeCamp/learn-salon-appointment-scheduler
Calling command: git ls-remote --exit-code --heads https://github.com/freeCodeCamp/learn-salon-appointment-scheduler v2.0.0
Calling command: git remote -v
Calling command: git remote add coderoad https://github.com/freeCodeCamp/learn-salon-appointment-scheduler && git fetch coderoad
Calling command: git log -n 1 --pretty=format:%s 7069ee218ff2f4829899346da00c90c217dde0a8
Calling command: git log -g --grep='INIT'
Calling command: git cherry-pick -X theirs 7069ee218ff2f4829899346da00c90c217dde0a8
Command: ./.freeCodeCamp/setup.sh
COMMAND_START
Calling command: ./.freeCodeCamp/setup.sh
STATE: "Setup.SetupNewTutorial"
ROUTE: "Setup.SetupNewTutorial": On level unknown, step unknown
Command output:  * Stopping PostgreSQL 12 database server
   ...done.
 * Starting PostgreSQL 12 database server
   ...done.

COMMAND_SUCCESS
Command: cd .freeCodeCamp && npm install
COMMAND_START
Calling command: cd .freeCodeCamp && npm install
STATE: "Setup.SetupNewTutorial"
ROUTE: "Setup.SetupNewTutorial": On level unknown, step unknown
STATE: "Setup.SetupNewTutorial"
ROUTE: "Setup.SetupNewTutorial": On level unknown, step unknown
Command failed: npm WARN old lockfile 
npm WARN old lockfile The package-lock.json file was created with an old version of npm,
npm WARN old lockfile so supplemental metadata must be fetched from the registry.
npm WARN old lockfile 
npm WARN old lockfile This is a one-time fix-up, please be patient...
npm WARN old lockfile 
npm WARN deprecated flat@4.1.0: Fixed a prototype pollution security issue in 4.1.0, please upgrade to ^4.1.1 or ^5.0.1.
npm WARN deprecated debug@3.2.6: Debug versions >=3.2.0 <3.2.7 || >=4 <4.3.1 have a low-severity ReDos regression when used in a Node.js environment. It is recommended you upgrade to 3.2.7 or 4.3.1. (https://github.com/visionmedia/debug/issues/797)
npm notice 
npm notice New minor version of npm available! 10.2.4 -> 10.5.0
npm notice Changelog: <https://github.com/npm/cli/releases/tag/v10.5.0>
npm notice Run `npm install -g npm@10.5.0` to update!
npm notice 

COMMAND_FAIL
TUTORIAL_CONFIGURED
STATE: "Setup.SetupNewTutorial"
ROUTE: "Setup.SetupNewTutorial": On level unknown, step unknown
STATE: "Setup.StartTutorial"
ROUTE: "Setup.StartTutorial": On level 1, step 1.1
EDITOR_LEVEL_ENTER
EDITOR_STEP_ENTER
EDITOR_RUN_TEST
------------------- RUN TEST -------------------
START_TEST
COMMAND: npm run programmatic-test --reporter=mocha-tap-reporter
Calling command: npm run programmatic-test --reporter=mocha-tap-reporter
STATE: "Tutorial.Level.Load"
ROUTE: "Tutorial.Level.Load": On level 1, step 1.1
STATE: "Tutorial.Level.Normal"
ROUTE: "Tutorial.Level.Normal": On level 1, step 1.1
Calling command: git log -n 1 --pretty=format:%s 138fb9ad8ffd8d8bffa03b707805f2d1e42afd63
Calling command: git log -g --grep='1.1'
Calling command: git cherry-pick -X theirs 138fb9ad8ffd8d8bffa03b707805f2d1e42afd63
STATE: "Tutorial.Level.TestRunning"
ROUTE: "Tutorial.Level.TestRunning": On level 1, step 1.1
---------------- TEST RESULTS -----------------
TEST_FAIL
STATE: "Tutorial.Level.Normal"
ROUTE: "Tutorial.Level.Normal": On level 1, step 1.1
EDITOR_RUN_TEST
------------------- RUN TEST -------------------
START_TEST
COMMAND: npm run programmatic-test --reporter=mocha-tap-reporter
Calling command: npm run programmatic-test --reporter=mocha-tap-reporter
STATE: "Tutorial.Level.Normal"
ROUTE: "Tutorial.Level.Normal": On level 1, step 1.1
STATE: "Tutorial.Level.TestRunning"
ROUTE: "Tutorial.Level.TestRunning": On level 1, step 1.1
---------------- TEST RESULTS -----------------
An error occurred running ../salon.sh
/bin/sh: 1: ../salon.sh: not found
An error occurred running ../salon.sh
/bin/sh: 1: ../salon.sh: not found
An error occurred running ../salon.sh
/bin/sh: 1: ../salon.sh: not found
An error occurred running ../salon.sh
/bin/sh: 1: ../salon.sh: not found
An error occurred running ../salon.sh
/bin/sh: 1: ../salon.sh: not found
An error occurred running ../salon.sh
/bin/sh: 1: ../salon.sh: not found
client connection ended
TEST_FAIL
STATE: "Tutorial.Level.Normal"
ROUTE: "Tutorial.Level.Normal": On level 1, step 1.1
EDITOR_RUN_TEST
------------------- RUN TEST -------------------
START_TEST
COMMAND: npm run programmatic-test --reporter=mocha-tap-reporter
Calling command: npm run programmatic-test --reporter=mocha-tap-reporter
STATE: "Tutorial.Level.Normal"
ROUTE: "Tutorial.Level.Normal": On level 1, step 1.1
STATE: "Tutorial.Level.TestRunning"
ROUTE: "Tutorial.Level.TestRunning": On level 1, step 1.1
---------------- TEST RESULTS -----------------
An error occurred running ../salon.sh
/bin/sh: 1: ../salon.sh: not found
An error occurred running ../salon.sh
/bin/sh: 1: ../salon.sh: not found
An error occurred running ../salon.sh
/bin/sh: 1: ../salon.sh: not found
An error occurred running ../salon.sh
/bin/sh: 1: ../salon.sh: not found
An error occurred running ../salon.sh
/bin/sh: 1: ../salon.sh: not found
An error occurred running ../salon.sh
/bin/sh: 1: ../salon.sh: not found
client connection ended
TEST_FAIL
STATE: "Tutorial.Level.Normal"
ROUTE: "Tutorial.Level.Normal": On level 1, step 1.1
EDITOR_RUN_TEST
------------------- RUN TEST -------------------
START_TEST
COMMAND: npm run programmatic-test --reporter=mocha-tap-reporter
Calling command: npm run programmatic-test --reporter=mocha-tap-reporter
STATE: "Tutorial.Level.Normal"
ROUTE: "Tutorial.Level.Normal": On level 1, step 1.1
STATE: "Tutorial.Level.TestRunning"
ROUTE: "Tutorial.Level.TestRunning": On level 1, step 1.1
---------------- TEST RESULTS -----------------
An error occurred running ../salon.sh
/bin/sh: 1: ../salon.sh: not found
An error occurred running ../salon.sh
/bin/sh: 1: ../salon.sh: not found
An error occurred running ../salon.sh
/bin/sh: 1: ../salon.sh: not found
An error occurred running ../salon.sh
/bin/sh: 1: ../salon.sh: not found
An error occurred running ../salon.sh
/bin/sh: 1: ../salon.sh: not found
An error occurred running ../salon.sh
/bin/sh: 1: ../salon.sh: not found
client connection ended
TEST_FAIL
STATE: "Tutorial.Level.Normal"
ROUTE: "Tutorial.Level.Normal": On level 1, step 1.1
EDITOR_RUN_TEST
------------------- RUN TEST -------------------
START_TEST
COMMAND: npm run programmatic-test --reporter=mocha-tap-reporter
Calling command: npm run programmatic-test --reporter=mocha-tap-reporter
STATE: "Tutorial.Level.Normal"
ROUTE: "Tutorial.Level.Normal": On level 1, step 1.1
STATE: "Tutorial.Level.TestRunning"
ROUTE: "Tutorial.Level.TestRunning": On level 1, step 1.1
---------------- TEST RESULTS -----------------
An error occurred running ../salon.sh
/bin/sh: 1: ../salon.sh: not found
An error occurred running ../salon.sh
/bin/sh: 1: ../salon.sh: not found
An error occurred running ../salon.sh
/bin/sh: 1: ../salon.sh: not found
An error occurred running ../salon.sh
/bin/sh: 1: ../salon.sh: not found
An error occurred running ../salon.sh
/bin/sh: 1: ../salon.sh: not found
An error occurred running ../salon.sh
/bin/sh: 1: ../salon.sh: not found
client connection ended
TEST_FAIL
STATE: "Tutorial.Level.Normal"
ROUTE: "Tutorial.Level.Normal": On level 1, step 1.1
EDITOR_RUN_TEST
------------------- RUN TEST -------------------
START_TEST
COMMAND: npm run programmatic-test --reporter=mocha-tap-reporter
Calling command: npm run programmatic-test --reporter=mocha-tap-reporter
STATE: "Tutorial.Level.Normal"
ROUTE: "Tutorial.Level.Normal": On level 1, step 1.1
STATE: "Tutorial.Level.TestRunning"
ROUTE: "Tutorial.Level.TestRunning": On level 1, step 1.1
---------------- TEST RESULTS -----------------
An error occurred running ../salon.sh
/bin/sh: 1: ../salon.sh: not found
An error occurred running ../salon.sh
/bin/sh: 1: ../salon.sh: not found
An error occurred running ../salon.sh
/bin/sh: 1: ../salon.sh: not found
An error occurred running ../salon.sh
/bin/sh: 1: ../salon.sh: not found
An error occurred running ../salon.sh
/bin/sh: 1: ../salon.sh: not found
An error occurred running ../salon.sh
/bin/sh: 1: ../salon.sh: not found
client connection ended
TEST_FAIL
STATE: "Tutorial.Level.Normal"
ROUTE: "Tutorial.Level.Normal": On level 1, step 1.1
EDITOR_RUN_TEST
------------------- RUN TEST -------------------
START_TEST
COMMAND: npm run programmatic-test --reporter=mocha-tap-reporter
Calling command: npm run programmatic-test --reporter=mocha-tap-reporter
STATE: "Tutorial.Level.Normal"
ROUTE: "Tutorial.Level.Normal": On level 1, step 1.1
STATE: "Tutorial.Level.TestRunning"
ROUTE: "Tutorial.Level.TestRunning": On level 1, step 1.1
---------------- TEST RESULTS -----------------
client connection ended
TEST_FAIL
STATE: "Tutorial.Level.Normal"
ROUTE: "Tutorial.Level.Normal": On level 1, step 1.1
EDITOR_RUN_TEST
------------------- RUN TEST -------------------
START_TEST
COMMAND: npm run programmatic-test --reporter=mocha-tap-reporter
Calling command: npm run programmatic-test --reporter=mocha-tap-reporter
STATE: "Tutorial.Level.Normal"
ROUTE: "Tutorial.Level.Normal": On level 1, step 1.1
STATE: "Tutorial.Level.TestRunning"
ROUTE: "Tutorial.Level.TestRunning": On level 1, step 1.1
---------------- TEST RESULTS -----------------
client connection ended
TEST_FAIL
STATE: "Tutorial.Level.Normal"
ROUTE: "Tutorial.Level.Normal": On level 1, step 1.1
EDITOR_RUN_TEST
------------------- RUN TEST -------------------
START_TEST
COMMAND: npm run programmatic-test --reporter=mocha-tap-reporter
Calling command: npm run programmatic-test --reporter=mocha-tap-reporter
STATE: "Tutorial.Level.Normal"
ROUTE: "Tutorial.Level.Normal": On level 1, step 1.1
STATE: "Tutorial.Level.TestRunning"
ROUTE: "Tutorial.Level.TestRunning": On level 1, step 1.1
---------------- TEST RESULTS -----------------
client connection ended
TEST_FAIL
STATE: "Tutorial.Level.Normal"
ROUTE: "Tutorial.Level.Normal": On level 1, step 1.1
EDITOR_RUN_TEST
------------------- RUN TEST -------------------
START_TEST
COMMAND: npm run programmatic-test --reporter=mocha-tap-reporter
Calling command: npm run programmatic-test --reporter=mocha-tap-reporter
STATE: "Tutorial.Level.Normal"
ROUTE: "Tutorial.Level.Normal": On level 1, step 1.1
STATE: "Tutorial.Level.TestRunning"
ROUTE: "Tutorial.Level.TestRunning": On level 1, step 1.1
---------------- TEST RESULTS -----------------
client connection ended
TEST_FAIL
STATE: "Tutorial.Level.Normal"
ROUTE: "Tutorial.Level.Normal": On level 1, step 1.1
EDITOR_RUN_TEST
------------------- RUN TEST -------------------
START_TEST
COMMAND: npm run programmatic-test --reporter=mocha-tap-reporter
Calling command: npm run programmatic-test --reporter=mocha-tap-reporter
STATE: "Tutorial.Level.Normal"
ROUTE: "Tutorial.Level.Normal": On level 1, step 1.1
STATE: "Tutorial.Level.TestRunning"
ROUTE: "Tutorial.Level.TestRunning": On level 1, step 1.1
---------------- TEST RESULTS -----------------
client connection ended
Test pass position: {"stepId":"1.1","levelId":"1","complete":false}
TEST_PASS
updateStepPosition: {"type":"TEST_PASS","payload":{"position":{"stepId":"1.1","levelId":"1","complete":true}},"source":"coderoad"})
EDITOR_STEP_COMPLETE
Calling command: git commit -am 'Save progress: 1.1'
STATE: "Tutorial.Level.StepNext"
ROUTE: "Tutorial.Level.StepNext": Completed level 1, step 1.1
EDITOR_LEVEL_COMPLETE
STATE: "Tutorial.Level.LevelComplete"
ROUTE: "Tutorial.Level.LevelComplete": Completed level 1, step 1.1
Commit saved: [main e0900c9] Save progress: 1.1
 13 files changed, 746 insertions(+), 527 deletions(-)
 mode change 100644 => 100755 .freeCodeCamp/.bashrc
 mode change 100644 => 100755 .freeCodeCamp/pg_hba.conf
 mode change 100644 => 100755 .freeCodeCamp/test/.cwd
 mode change 100644 => 100755 .freeCodeCamp/test/.next_command
 mode change 100644 => 100755 .gitignore
 mode change 100644 => 100755 .gitpod.yml
 mode change 100644 => 100755 .vscode/settings.json
 delete mode 100644 CHANGELOG.md
 delete mode 100644 TUTORIAL.md
 delete mode 100644 coderoad.yaml
 delete mode 100644 tutorial.json

EDITOR_SYNC_POSITION
EDITOR_TUTORIAL_COMPLETE
STATE: "Tutorial.Completed"
ROUTE: "Tutorial.Completed": Completed level 1, step 1.1
Called webhook endpoint https://api.freecodecamp.org/coderoad-challenge-completed with body "{\"tutorialId\":\"freeCodeCamp/learn-salon-appointment-scheduler:v1.0.0\"}"
EDITOR_REQUEST_WORKSPACE
STATE: "Tutorial.Completed"
ROUTE: "Tutorial.Completed": Completed level 1, step 1.1
