2024-03-29 04:59:09.658 [info] Extension host with pid 3929 started
2024-03-29 04:59:09.663 [info] Lock '/workspace/.vscode-remote/data/User/workspaceStorage/3e9a9f1/vscode.lock': Lock acquired.
2024-03-29 04:59:09.875 [info] ExtensionService#_doActivateExtension gitpod.gitpod-web, startup: false, activationEvent: 'onAuthenticationRequest:gitpod'
2024-03-29 04:59:10.445 [info] ExtensionService#_doActivateExtension vscode.git-base, startup: true, activationEvent: '*', root cause: vscode.git
2024-03-29 04:59:10.639 [info] ExtensionService#_doActivateExtension vscode.git, startup: true, activationEvent: '*'
2024-03-29 04:59:10.639 [info] ExtensionService#_doActivateExtension vscode.github, startup: true, activationEvent: '*'
2024-03-29 04:59:10.986 [info] ExtensionService#_doActivateExtension redhat.vscode-yaml, startup: false, activationEvent: 'onLanguage:yaml'
2024-03-29 04:59:10.986 [info] ExtensionService#_doActivateExtension vscode.emmet, startup: false, activationEvent: 'onLanguage'
2024-03-29 04:59:11.134 [info] Eager extensions activated
2024-03-29 04:59:11.134 [info] ExtensionService#_doActivateExtension vscode.debug-auto-launch, startup: false, activationEvent: 'onStartupFinished'
2024-03-29 04:59:11.135 [info] ExtensionService#_doActivateExtension vscode.merge-conflict, startup: false, activationEvent: 'onStartupFinished'
2024-03-29 04:59:11.135 [info] ExtensionService#_doActivateExtension vscode.github-authentication, startup: false, activationEvent: 'onStartupFinished', root cause: GitHub.vscode-pull-request-github
2024-03-29 04:59:11.365 [info] ExtensionService#_doActivateExtension GitHub.vscode-pull-request-github, startup: false, activationEvent: 'onStartupFinished'
2024-03-29 04:59:11.587 [warning] [redhat.vscode-yaml] Accessing a resource scoped configuration without providing a resource is not expected. To get the effective value for '[yaml]', provide the URI of a resource or 'null' for any resource.
2024-03-29 04:59:11.589 [warning] [redhat.vscode-yaml] Accessing a resource scoped configuration without providing a resource is not expected. To get the effective value for '[yaml]', provide the URI of a resource or 'null' for any resource.
2024-03-29 04:59:12.197 [info] ExtensionService#_doActivateExtension vscode.json-language-features, startup: false, activationEvent: 'onLanguage:jsonc'
2024-03-29 04:59:12.198 [info] ExtensionService#_doActivateExtension vscode.typescript-language-features, startup: false, activationEvent: 'onLanguage:jsonc'
2024-03-29 04:59:59.489 [warning] [Decorations] CAPPING events from decorations provider vscode.git 1099
2024-03-29 04:59:59.540 [warning] [Decorations] CAPPING events from decorations provider vscode.git 1099
2024-03-29 05:00:03.046 [warning] [Decorations] CAPPING events from decorations provider vscode.git 1099
