2024-03-29 04:59:11.648 [warning] /home/gitpod/.ssh/config: ENOENT: no such file or directory, open '/home/gitpod/.ssh/config'
2024-03-29 04:59:11.648 [info] Activation> Extension version: 0.82.1
2024-03-29 04:59:13.448 [info] Looking for git repository
2024-03-29 04:59:13.448 [info] Found 0 repositories during activation
2024-03-29 04:59:13.448 [info] Git repository found, initializing review manager and pr tree view.
2024-03-29 04:59:13.453 [info] Registering git provider
2024-03-29 04:59:13.453 [info] Review+0> Validate state in progress
2024-03-29 04:59:13.453 [info] Review+0> Validating state...
2024-03-29 04:59:13.644 [info] Found GitHub remote for folder /workspace/project
2024-03-29 04:59:13.933 [info] Trying to use globalState for assignableUsers.
2024-03-29 04:59:14.061 [info] Review+0> No matching pull request metadata found locally for current branch main
2024-03-29 04:59:14.360 [info] Review+0> No matching pull request metadata found on GitHub for current branch main
2024-03-29 04:59:14.448 [info] Using globalState assignableUsers for 1.
2024-03-29 04:59:34.365 [info] Repo state for file:///workspace/project changed.
2024-03-29 04:59:34.365 [info] Repo file:///workspace/project has already been setup.
2024-03-29 04:59:59.440 [info] Repository file:///workspace has been opened
2024-03-29 04:59:59.441 [info] Review+1> Validate state in progress
2024-03-29 04:59:59.441 [info] Review+1> Validating state...
2024-03-29 04:59:59.442 [warning] No remotes found. The following remotes are missing: origin, upstream
2024-03-29 04:59:59.442 [info] No GitHub remotes found for folder /workspace
2024-03-29 04:59:59.493 [info] Review+1> Queuing additional validate state
2024-03-29 04:59:59.493 [info] Repo state for file:///workspace changed.
2024-03-29 04:59:59.493 [info] Repo file:///workspace has already been setup.
2024-03-29 05:00:00.332 [info] Review+1> Validating state...
2024-03-29 05:00:00.332 [warning] No remotes found. The following remotes are missing: origin, upstream
2024-03-29 05:00:00.332 [info] No GitHub remotes found for folder /workspace
2024-03-29 05:00:00.359 [info] Review+1> No matching pull request metadata found locally for current branch master
2024-03-29 05:00:00.375 [info] Review+1> No matching pull request metadata found on GitHub for current branch master
