2024-03-29 04:44:47.095 [warning] /home/gitpod/.ssh/config: ENOENT: no such file or directory, open '/home/gitpod/.ssh/config'
2024-03-29 04:44:47.095 [info] Activation> Extension version: 0.82.1
2024-03-29 04:44:48.841 [info] Looking for git repository
2024-03-29 04:44:48.841 [info] Found 0 repositories during activation
2024-03-29 04:44:48.841 [info] Git repository found, initializing review manager and pr tree view.
2024-03-29 04:44:48.845 [info] Registering git provider
2024-03-29 04:44:48.845 [info] Review+0> Validate state in progress
2024-03-29 04:44:48.845 [info] Review+0> Validating state...
2024-03-29 04:44:49.039 [info] Found GitHub remote for folder /workspace/project
2024-03-29 04:44:49.323 [info] Trying to use globalState for assignableUsers.
2024-03-29 04:44:49.461 [info] Review+0> No matching pull request metadata found locally for current branch main
2024-03-29 04:44:49.709 [info] GlobalState does not exist for assignableUsers.
2024-03-29 04:44:49.749 [info] Review+0> No matching pull request metadata found on GitHub for current branch main
2024-03-29 04:45:00.486 [info] Repo state for file:///workspace/project changed.
2024-03-29 04:45:00.486 [info] Repo file:///workspace/project has already been setup.
2024-03-29 04:45:12.240 [info] Review+0> Validate state in progress
2024-03-29 04:45:12.240 [info] Review+0> Validating state...
2024-03-29 04:45:12.560 [info] Found GitHub remote for folder /workspace/project
2024-03-29 04:45:12.561 [info] Using in-memory cached assignable users.
2024-03-29 04:45:12.575 [info] Review+0> No matching pull request metadata found locally for current branch main
2024-03-29 04:45:12.890 [info] Review+0> No matching pull request metadata found on GitHub for current branch main
2024-03-29 04:45:17.284 [info] Review+0> Validate state in progress
2024-03-29 04:45:17.284 [info] Review+0> Validating state...
2024-03-29 04:45:17.580 [info] Found GitHub remote for folder /workspace/project
2024-03-29 04:45:17.580 [info] Using in-memory cached assignable users.
2024-03-29 04:45:17.596 [info] Review+0> No matching pull request metadata found locally for current branch main
2024-03-29 04:45:17.888 [info] Review+0> No matching pull request metadata found on GitHub for current branch main
2024-03-29 04:58:41.672 [info] Review+0> Validate state in progress
2024-03-29 04:58:41.672 [info] Review+0> Validating state...
2024-03-29 04:58:41.953 [info] Found GitHub remote for folder /workspace/project
2024-03-29 04:58:41.954 [info] Using in-memory cached assignable users.
2024-03-29 04:58:41.969 [info] Review+0> No matching pull request metadata found locally for current branch main
2024-03-29 04:58:42.237 [info] Review+0> No matching pull request metadata found on GitHub for current branch main
