2024-03-29 04:59:10.412 [info] Log level: Info
2024-03-29 04:59:10.433 [info] VSCODE_MACHINE_ID: 1483a90e-6997-4878-ac48-0dd7d483d314
2024-03-29 04:59:10.433 [info] VSCODE_SESSION_ID: b32451f8-c259-4e0b-b90b-d25f677c2b941711688344535
2024-03-29 04:59:10.433 [info] VSCODE_VERSION: 1.87.1
2024-03-29 04:59:10.433 [info] VSCODE_APP_NAME: Gitpod Code
2024-03-29 04:59:10.433 [info] VSCODE_APP_HOST: Gitpod
2024-03-29 04:59:10.433 [info] VSCODE_UI_KIND: web
2024-03-29 04:59:10.433 [info] GITPOD_WORKSPACE_CONTEXT_URL: https://github.com/freeCodeCamp/learn-salon-appointment-scheduler
2024-03-29 04:59:10.433 [info] GITPOD_INSTANCE_ID: 7389986a-074e-4709-b87b-d011d61c0e24
2024-03-29 04:59:10.433 [info] GITPOD_WORKSPACE_URL: https://freecodecam-learnsalona-roznlauseam.ws-us110.gitpod.io
2024-03-29 04:59:10.442 [info] Gitpod Web 4e069a6
2024-03-29 04:59:10.442 [info] Reading sessions from keychain...
2024-03-29 04:59:10.638 [info] Getting sessions for all scopes...
2024-03-29 04:59:10.638 [info] Getting GitHub sessions for all scopes...
2024-03-29 04:59:10.638 [info] Getting sessions for function:accessCodeSyncStorage...
2024-03-29 04:59:10.639 [info] Got stored sessions!
2024-03-29 04:59:10.639 [info] Verified session with the following scopes: function:accessCodeSyncStorage function:closePort function:controlAdmission function:deleteEnvVar function:generateNewGitpodToken function:getDefaultWorkspaceImage function:getEnvVars function:getGitpodTokenScopes function:getIDToken function:getLoggedInUser function:getOpenPorts function:getSupportedWorkspaceClasses function:getTeams function:getToken function:getWorkspace function:getWorkspaceEnvVars function:getWorkspaceOwner function:getWorkspaceTimeout function:getWorkspaceUsers function:guessGitTokenScopes function:isWorkspaceOwner function:openPort function:sendHeartBeat function:setEnvVar function:setWorkspaceTimeout function:stopWorkspace function:takeSnapshot function:trackEvent function:updateGitStatus function:waitForSnapshot resource:contentBlob::*::create/get resource:envVar::freeCodeCamp/learn-salon-appointment-scheduler::create/get/update/delete resource:gitpodToken::*::create resource:snapshot::ws-freecodecam-learnsalona-roznlauseam::create resource:token::*::get resource:userStorage::*::create/get/update resource:workspace::freecodecam-learnsalona-roznlauseam::get/update resource:workspaceInstance::7389986a-074e-4709-b87b-d011d61c0e24::get/update/delete
2024-03-29 04:59:10.639 [info] Got 1 verified sessions.
2024-03-29 04:59:10.639 [info] Got 1 sessions for all scopes...
2024-03-29 04:59:10.639 [info] Got 1 sessions for function:accessCodeSyncStorage...
2024-03-29 04:59:10.725 [info] Getting GitHub sessions for all scopes...
2024-03-29 04:59:10.748 [info] Got 1 GitHub sessions for all scopes...
2024-03-29 04:59:10.748 [info] Got 1 GitHub sessions for all scopes...
2024-03-29 04:59:10.906 [info] Getting sessions for all scopes...
2024-03-29 04:59:10.906 [info] Got 1 sessions for all scopes...
2024-03-29 04:59:10.941 [info] Getting GitHub sessions for all scopes...
2024-03-29 04:59:10.941 [info] Got 1 GitHub sessions for all scopes...
2024-03-29 04:59:11.659 [info] Getting GitHub sessions for read:user,repo,user:email,workflow...
2024-03-29 04:59:11.659 [info] Got 1 GitHub sessions for read:user,repo,user:email,workflow...
2024-03-29 04:59:12.321 [info] Getting GitHub sessions for project,read:org,read:user,repo,user:email,workflow...
2024-03-29 04:59:12.322 [info] Got 0 GitHub sessions for project,read:org,read:user,repo,user:email,workflow...
2024-03-29 04:59:12.545 [info] Getting GitHub sessions for read:user,repo,user:email,workflow...
2024-03-29 04:59:12.545 [info] Got 1 GitHub sessions for read:user,repo,user:email,workflow...
2024-03-29 04:59:12.864 [info] Getting GitHub sessions for read:user,repo,user:email,workflow...
2024-03-29 04:59:12.864 [info] Got 1 GitHub sessions for read:user,repo,user:email,workflow...
