2024-03-29 04:44:45.952 [info] Log level: Info
2024-03-29 04:44:45.965 [info] VSCODE_MACHINE_ID: 1483a90e-6997-4878-ac48-0dd7d483d314
2024-03-29 04:44:45.965 [info] VSCODE_SESSION_ID: 7b77d00b-f8e5-4528-9a68-7661bddbdf941711687478680
2024-03-29 04:44:45.966 [info] VSCODE_VERSION: 1.87.1
2024-03-29 04:44:45.966 [info] VSCODE_APP_NAME: Gitpod Code
2024-03-29 04:44:45.966 [info] VSCODE_APP_HOST: Gitpod
2024-03-29 04:44:45.966 [info] VSCODE_UI_KIND: web
2024-03-29 04:44:45.966 [info] GITPOD_WORKSPACE_CONTEXT_URL: https://github.com/freeCodeCamp/learn-salon-appointment-scheduler
2024-03-29 04:44:45.966 [info] GITPOD_INSTANCE_ID: 7389986a-074e-4709-b87b-d011d61c0e24
2024-03-29 04:44:45.966 [info] GITPOD_WORKSPACE_URL: https://freecodecam-learnsalona-roznlauseam.ws-us110.gitpod.io
2024-03-29 04:44:45.973 [info] Gitpod Web 4e069a6
2024-03-29 04:44:45.973 [info] Reading sessions from keychain...
2024-03-29 04:44:46.182 [info] Getting sessions for all scopes...
2024-03-29 04:44:46.182 [info] Getting GitHub sessions for all scopes...
2024-03-29 04:44:46.182 [info] Getting sessions for function:accessCodeSyncStorage...
2024-03-29 04:44:46.182 [info] Got stored sessions!
2024-03-29 04:44:46.182 [info] Verified session with the following scopes: function:accessCodeSyncStorage function:closePort function:controlAdmission function:deleteEnvVar function:generateNewGitpodToken function:getDefaultWorkspaceImage function:getEnvVars function:getGitpodTokenScopes function:getIDToken function:getLoggedInUser function:getOpenPorts function:getSupportedWorkspaceClasses function:getTeams function:getToken function:getWorkspace function:getWorkspaceEnvVars function:getWorkspaceOwner function:getWorkspaceTimeout function:getWorkspaceUsers function:guessGitTokenScopes function:isWorkspaceOwner function:openPort function:sendHeartBeat function:setEnvVar function:setWorkspaceTimeout function:stopWorkspace function:takeSnapshot function:trackEvent function:updateGitStatus function:waitForSnapshot resource:contentBlob::*::create/get resource:envVar::freeCodeCamp/learn-salon-appointment-scheduler::create/get/update/delete resource:gitpodToken::*::create resource:snapshot::ws-freecodecam-learnsalona-roznlauseam::create resource:token::*::get resource:userStorage::*::create/get/update resource:workspace::freecodecam-learnsalona-roznlauseam::get/update resource:workspaceInstance::7389986a-074e-4709-b87b-d011d61c0e24::get/update/delete
2024-03-29 04:44:46.183 [info] Got 1 verified sessions.
2024-03-29 04:44:46.183 [info] Got 1 sessions for all scopes...
2024-03-29 04:44:46.183 [info] Got 1 sessions for function:accessCodeSyncStorage...
2024-03-29 04:44:46.274 [info] Got 1 GitHub sessions for all scopes...
2024-03-29 04:44:46.275 [info] Getting GitHub sessions for all scopes...
2024-03-29 04:44:46.275 [info] Got 1 GitHub sessions for all scopes...
2024-03-29 04:44:46.458 [info] Getting sessions for all scopes...
2024-03-29 04:44:46.458 [info] Got 1 sessions for all scopes...
2024-03-29 04:44:46.542 [info] Getting GitHub sessions for all scopes...
2024-03-29 04:44:46.542 [info] Got 1 GitHub sessions for all scopes...
2024-03-29 04:44:47.132 [info] Getting GitHub sessions for read:user,repo,user:email,workflow...
2024-03-29 04:44:47.132 [info] Got 1 GitHub sessions for read:user,repo,user:email,workflow...
2024-03-29 04:44:47.649 [info] Getting GitHub sessions for project,read:org,read:user,repo,user:email,workflow...
2024-03-29 04:44:47.649 [info] Got 0 GitHub sessions for project,read:org,read:user,repo,user:email,workflow...
2024-03-29 04:44:48.215 [info] Getting GitHub sessions for read:user,repo,user:email,workflow...
2024-03-29 04:44:48.215 [info] Got 1 GitHub sessions for read:user,repo,user:email,workflow...
